<?xml version="1.0" encoding="UTF-8"?>
<!-- Generated by org.testng.reporters.JUnitXMLReporter -->
<testsuite hostname="LCLMACLAI008" ignored="0" name="Test" tests="2" failures="2" timestamp="29 Mar 2019 06:26:39 GMT" time="45.667" errors="0">
  <testcase name="userIsAbleToAuthenticateSuccessfullyJira001" time="44.197" classname="multithreading.AuthenticationTest">
    <failure type="java.lang.AssertionError" message="null">
      <![CDATA[java.lang.AssertionError: null
at multithreading.TestBase.testFailed(TestBase.java:74)
at multithreading.AuthenticationTest.userIsAbleToAuthenticateSuccessfullyJira001(AuthenticationTest.java:37)
at java.util.concurrent.FutureTask.run(FutureTask.java:266)
at java.util.concurrent.Executors$RunnableAdapter.call(Executors.java:511)
at java.util.concurrent.FutureTask.run(FutureTask.java:266)
at java.util.concurrent.ThreadPoolExecutor.runWorker(ThreadPoolExecutor.java:1149)
at java.util.concurrent.ThreadPoolExecutor$Worker.run(ThreadPoolExecutor.java:624)
at java.lang.Thread.run(Thread.java:748)
... Removed 11 stack frames]]>
    </failure>
  </testcase> <!-- userIsAbleToAuthenticateSuccessfullyJira001 -->
  <testcase name="userIsAbleToAuthenticateSuccessfullyJira001" time="45.611" classname="multithreading.AuthenticationTest">
    <failure type="java.lang.AssertionError" message="null">
      <![CDATA[java.lang.AssertionError: null
at multithreading.TestBase.testFailed(TestBase.java:74)
at multithreading.AuthenticationTest.userIsAbleToAuthenticateSuccessfullyJira001(AuthenticationTest.java:37)
at java.util.concurrent.FutureTask.run(FutureTask.java:266)
at java.util.concurrent.Executors$RunnableAdapter.call(Executors.java:511)
at java.util.concurrent.FutureTask.run(FutureTask.java:266)
at java.util.concurrent.ThreadPoolExecutor.runWorker(ThreadPoolExecutor.java:1149)
at java.util.concurrent.ThreadPoolExecutor$Worker.run(ThreadPoolExecutor.java:624)
at java.lang.Thread.run(Thread.java:748)
... Removed 11 stack frames]]>
    </failure>
  </testcase> <!-- userIsAbleToAuthenticateSuccessfullyJira001 -->
</testsuite> <!-- Test -->
