<?xml version="1.0" encoding="UTF-8"?>
<!-- Generated by org.testng.reporters.JUnitXMLReporter -->
<testsuite hostname="lclmaclai008.clublabs.com" ignored="0" name="Test" tests="2" failures="0" timestamp="26 Mar 2019 01:00:04 GMT" time="7.231" errors="0">
  <testcase name="userIsAbleToAuthenticateSuccessfullyJira001" time="6.141" classname="multithreading.AuthenticationTest"/>
  <testcase name="userIsAbleToAuthenticateSuccessfullyJira001" time="7.208" classname="multithreading.AuthenticationTest"/>
</testsuite> <!-- Test -->
